0 info it worked if it ends with ok
1 verbose cli [ 'C:\\Program Files\\nodejs\\node.exe',
1 verbose cli   'C:\\Program Files\\nodejs\\node_modules\\npm\\bin\\npm-cli.js',
1 verbose cli   'run',
1 verbose cli   'scss' ]
2 info using npm@3.10.10
3 info using node@v6.10.0
4 verbose run-script [ 'prescss', 'scss', 'postscss' ]
5 info lifecycle aqustic@1.0.0~prescss: aqustic@1.0.0
6 silly lifecycle aqustic@1.0.0~prescss: no script for prescss, continuing
7 info lifecycle aqustic@1.0.0~scss: aqustic@1.0.0
8 verbose lifecycle aqustic@1.0.0~scss: unsafe-perm in lifecycle true
9 verbose lifecycle aqustic@1.0.0~scss: PATH: C:\Program Files\nodejs\node_modules\npm\bin\node-gyp-bin;C:\Users\Kristopher Rollert\Documents\School\Sophomore\Spring\CMPS115\aqustic\src\node_modules\.bin;C:\Users\Kristopher Rollert\bin;C:\Program Files\Git\mingw64\bin;C:\Program Files\Git\usr\local\bin;C:\Program Files\Git\usr\bin;C:\Program Files\Git\usr\bin;C:\Program Files\Git\cmd;C:\Program Files (x86)\Intel\iCLS Client;C:\Program Files\Docker\Docker\Resources\bin;C:\ProgramData\Oracle\Java\javapath;C:\Program Files\Dell\DW WLAN Card;C:\Program Files\Intel\iCLS Client;C:\Windows\system32;C:\Windows;C:\Windows\System32\Wbem;C:\Windows\System32\WindowsPowerShell\v1.0;C:\Program Files\WIDCOMM\Bluetooth Software;C:\Program Files\WIDCOMM\Bluetooth Software\syswow64;C:\Program Files (x86)\NVIDIA Corporation\PhysX\Common;C:\WINDOWS\system32;C:\WINDOWS;C:\WINDOWS\System32\Wbem;C:\WINDOWS\System32\WindowsPowerShell\v1.0;C:\Program Files (x86)\Bitvise SSH Client;C:\Program Files (x86)\Java\jdk1.8.0_111\bin;C:\Program Files\nodejs;C:\Program Files (x86)\Skype\Phone;C:\MinGW\bin;C:\Program Files (x86)\Intel\Intel(R) Management Engine Components\DAL;C:\Program Files\Intel\Intel(R) Management Engine Components\DAL;C:\Program Files (x86)\Intel\Intel(R) Management Engine Components\IPT;C:\Program Files\Intel\Intel(R) Management Engine Components\IPT;C:\Users\Kristopher Rollert\AppData\Local\atom\bin;%USERPROFILE%\AppData\Local\Microsoft\WindowsApps;C:\Users\Kristopher Rollert\AppData\Roaming\Dashlane\4.6.1.18109\bin\Firefox_Extension\{442718d9-475e-452a-b3e1-fb1ee16b8e9f}\components;C:\Users\Kristopher Rollert\AppData\Roaming\Dashlane\4.6.5.21982\bin\Firefox_Extension\{442718d9-475e-452a-b3e1-fb1ee16b8e9f}\components;C:\Users\Kristopher Rollert\AppData\Roaming\Dashlane\4.6.6.23032\bin\Firefox_Extension\{442718d9-475e-452a-b3e1-fb1ee16b8e9f}\components;C:\Users\Kristopher Rollert\AppData\Roaming\npm;%DASHLANE_DLL_DIR%;C:\Program Files\Docker Toolbox;C:\Python27;C:\Python27\Scripts;C:\Python27\Lib\site-packages;C:\PHP;C:\Users\Kristopher Rollert\AppData\Local\hyper\app-2.0.0\resources\bin;C:\Program Files\Git\usr\bin\vendor_perl;C:\Program Files\Git\usr\bin\core_perl
10 verbose lifecycle aqustic@1.0.0~scss: CWD: C:\Users\Kristopher Rollert\Documents\School\Sophomore\Spring\CMPS115\aqustic\src
11 silly lifecycle aqustic@1.0.0~scss: Args: [ '/d /s /c',
11 silly lifecycle   'node-sass --watch client/style/scss -o client/style/css' ]
12 silly lifecycle aqustic@1.0.0~scss: Returned: code: 1  signal: null
13 info lifecycle aqustic@1.0.0~scss: Failed to exec scss script
14 verbose stack Error: aqustic@1.0.0 scss: `node-sass --watch client/style/scss -o client/style/css`
14 verbose stack Exit status 1
14 verbose stack     at EventEmitter.<anonymous> (C:\Program Files\nodejs\node_modules\npm\lib\utils\lifecycle.js:255:16)
14 verbose stack     at emitTwo (events.js:106:13)
14 verbose stack     at EventEmitter.emit (events.js:191:7)
14 verbose stack     at ChildProcess.<anonymous> (C:\Program Files\nodejs\node_modules\npm\lib\utils\spawn.js:40:14)
14 verbose stack     at emitTwo (events.js:106:13)
14 verbose stack     at ChildProcess.emit (events.js:191:7)
14 verbose stack     at maybeClose (internal/child_process.js:877:16)
14 verbose stack     at Process.ChildProcess._handle.onexit (internal/child_process.js:226:5)
15 verbose pkgid aqustic@1.0.0
16 verbose cwd C:\Users\Kristopher Rollert\Documents\School\Sophomore\Spring\CMPS115\aqustic\src
17 error Windows_NT 10.0.16299
18 error argv "C:\\Program Files\\nodejs\\node.exe" "C:\\Program Files\\nodejs\\node_modules\\npm\\bin\\npm-cli.js" "run" "scss"
19 error node v6.10.0
20 error npm  v3.10.10
21 error code ELIFECYCLE
22 error aqustic@1.0.0 scss: `node-sass --watch client/style/scss -o client/style/css`
22 error Exit status 1
23 error Failed at the aqustic@1.0.0 scss script 'node-sass --watch client/style/scss -o client/style/css'.
23 error Make sure you have the latest version of node.js and npm installed.
23 error If you do, this is most likely a problem with the aqustic package,
23 error not with npm itself.
23 error Tell the author that this fails on your system:
23 error     node-sass --watch client/style/scss -o client/style/css
23 error You can get information on how to open an issue for this project with:
23 error     npm bugs aqustic
23 error Or if that isn't available, you can get their info via:
23 error     npm owner ls aqustic
23 error There is likely additional logging output above.
24 verbose exit [ 1, true ]
